# JRE version: Java(TM) SE Runtime Environment (8.0_121-b13) (build 1.8.0_121-b13)
# Java VM: Java HotSpot(TM) 64-Bit Server VM (25.121-b13 mixed mode windows-amd64 compressed oops)
Heap:
 PSYoungGen      total 17920K, used 12404K [0x00000000eca00000, 0x00000000ede00000, 0x0000000100000000)
  eden space 15360K, 64% used [0x00000000eca00000,0x00000000ed3a5208,0x00000000ed900000)
  from space 2560K, 98% used [0x00000000edb80000,0x00000000eddf8020,0x00000000ede00000)
  to   space 2560K, 0% used [0x00000000ed900000,0x00000000ed900000,0x00000000edb80000)
 ParOldGen       total 40960K, used 1674K [0x00000000c5e00000, 0x00000000c8600000, 0x00000000eca00000)
  object space 40960K, 4% used [0x00000000c5e00000,0x00000000c5fa2830,0x00000000c8600000)
 Metaspace       used 17575K, capacity 18664K, committed 18944K, reserved 1064960K
  class space    used 2522K, capacity 2719K, committed 2816K, reserved 1048576K
GC Heap History (4 events):
Event: 5.730 GC heap before
{Heap before GC invocations=1 (full 0):
 PSYoungGen      total 17920K, used 15360K [0x00000000eca00000, 0x00000000ede00000, 0x0000000100000000)
  eden space 15360K, 100% used [0x00000000eca00000,0x00000000ed900000,0x00000000ed900000)
  from space 2560K, 0% used [0x00000000edb80000,0x00000000edb80000,0x00000000ede00000)
  to   space 2560K, 0% used [0x00000000ed900000,0x00000000ed900000,0x00000000edb80000)
 ParOldGen       total 40960K, used 0K [0x00000000c5e00000, 0x00000000c8600000, 0x00000000eca00000)
  object space 40960K, 0% used [0x00000000c5e00000,0x00000000c5e00000,0x00000000c8600000)
 Metaspace       used 9839K, capacity 10212K, committed 10368K, reserved 1058816K
  class space    used 1261K, capacity 1370K, committed 1408K, reserved 1048576K
Event: 5.760 GC heap after
Heap after GC invocations=1 (full 0):
 PSYoungGen      total 17920K, used 2144K [0x00000000eca00000, 0x00000000ede00000, 0x0000000100000000)
  eden space 15360K, 0% used [0x00000000eca00000,0x00000000eca00000,0x00000000ed900000)
  from space 2560K, 83% used [0x00000000ed900000,0x00000000edb18050,0x00000000edb80000)
  to   space 2560K, 0% used [0x00000000edb80000,0x00000000edb80000,0x00000000ede00000)
 ParOldGen       total 40960K, used 8K [0x00000000c5e00000, 0x00000000c8600000, 0x00000000eca00000)
  object space 40960K, 0% used [0x00000000c5e00000,0x00000000c5e02000,0x00000000c8600000)
 Metaspace       used 9839K, capacity 10212K, committed 10368K, reserved 1058816K
  class space    used 1261K, capacity 1370K, committed 1408K, reserved 1048576K
}
Event: 9.255 GC heap before
{Heap before GC invocations=2 (full 0):
 PSYoungGen      total 17920K, used 17122K [0x00000000eca00000, 0x00000000ede00000, 0x0000000100000000)
  eden space 15360K, 97% used [0x00000000eca00000,0x00000000ed8a0b88,0x00000000ed900000)
  from space 2560K, 83% used [0x00000000ed900000,0x00000000edb18050,0x00000000edb80000)
  to   space 2560K, 0% used [0x00000000edb80000,0x00000000edb80000,0x00000000ede00000)
 ParOldGen       total 40960K, used 8K [0x00000000c5e00000, 0x00000000c8600000, 0x00000000eca00000)
  object space 40960K, 0% used [0x00000000c5e00000,0x00000000c5e02000,0x00000000c8600000)
 Metaspace       used 15271K, capacity 16280K, committed 16384K, reserved 1062912K
  class space    used 2269K, capacity 2477K, committed 2560K, reserved 1048576K
Event: 9.264 GC heap after
Heap after GC invocations=2 (full 0):
 PSYoungGen      total 17920K, used 2528K [0x00000000eca00000, 0x00000000ede00000, 0x0000000100000000)
  eden space 15360K, 0% used [0x00000000eca00000,0x00000000eca00000,0x00000000ed900000)
  from space 2560K, 98% used [0x00000000edb80000,0x00000000eddf8020,0x00000000ede00000)
  to   space 2560K, 0% used [0x00000000ed900000,0x00000000ed900000,0x00000000edb80000)
 ParOldGen       total 40960K, used 1674K [0x00000000c5e00000, 0x00000000c8600000, 0x00000000eca00000)
  object space 40960K, 4% used [0x00000000c5e00000,0x00000000c5fa2830,0x00000000c8600000)
 Metaspace       used 15271K, capacity 16280K, committed 16384K, reserved 1062912K
  class space    used 2269K, capacity 2477K, committed 2560K, reserved 1048576K
}

